<?xml version="1.0" encoding="UTF-8"?>
<!-- Generated by org.testng.reporters.JUnitXMLReporter -->
<testsuite ignored="0" hostname="Tathagata" failures="0" tests="0" time="0.008" errors="0" timestamp="2024-11-02T20:01:26 IST">
  <testcase classname="com.test.intilization.initilaizeTest" name="@BeforeSuite lunchBrowser" time="0.008">
    <failure type="java.lang.NullPointerException" message="Cannot invoke &amp;quot;String.toLowerCase()&amp;quot; because the return value of &amp;quot;java.util.Properties.getProperty(String)&amp;quot; is null">
      <![CDATA[java.lang.NullPointerException: Cannot invoke "String.toLowerCase()" because the return value of "java.util.Properties.getProperty(String)" is null
at com.test.intilization.initilaizeTest.lunchBrowser(initilaizeTest.java:29)
... Removed 22 stack frames]]>
    </failure>
  </testcase> <!-- @BeforeSuite lunchBrowser -->
  <testcase classname="com.test.intilization.initilaizeTest" name="@BeforeTest getUrl" time="0.0">
    <skipped/>
  </testcase> <!-- @BeforeTest getUrl -->
</testsuite>
